start datanode to namenode
local ip is 192.168.0.58
node regist sucucess
inside DatanodeControlwithNamenode
recieve time
inside DataToDataTaskServer
start datanode to namenode
local ip is 192.168.0.68
node regist sucucess
inside DatanodeControlwithNamenode
recieve time
inside DataToDataTaskServer
start datanode to namenode
local ip is 192.168.0.34
node regist sucucess
inside DatanodeControlwithNamenode
recieve time
inside DataToDataTaskServer
start datanode to namenode
local ip is 192.168.0.67
node regist sucucess
inside DatanodeControlwithNamenode
recieve time
inside DataToDataTaskServer
start datanode to namenode
local ip is 192.168.0.59
node regist sucucess
inside DatanodeControlwithNamenode
recieve time
inside DataToDataTaskServer
start datanode to namenode
local ip is 192.168.0.63
node regist sucucess
inside DatanodeControlwithNamenode
recieve time
inside DataToDataTaskServer
start datanode to namenode
local ip is 192.168.0.35
node regist sucucess
inside DatanodeControlwithNamenode
recieve time
inside DataToDataTaskServer
start datanode to namenode
local ip is 192.168.0.45
node regist sucucess
inside DatanodeControlwithNamenode
recieve time
inside DataToDataTaskServer
start datanode to namenode
local ip is 192.168.0.50
node regist sucucess
inside DatanodeControlwithNamenode
recieve time
inside DataToDataTaskServer
start datanode to namenode
local ip is 192.168.0.46
node regist sucucess
inside DatanodeControlwithNamenode
recieve time
inside DataToDataTaskServer
start datanode to namenode
local ip is 192.168.0.44
start datanode to namenode
local ip is 192.168.0.55
node regist sucucess
inside DatanodeControlwithNamenode
recieve time
inside DataToDataTaskServer
start datanode to namenode
local ip is 192.168.0.64
node regist sucucess
inside DatanodeControlwithNamenode
recieve time
inside DataToDataTaskServer
start datanode to namenode
local ip is 192.168.0.53
node regist sucucess
inside DatanodeControlwithNamenode
recieve time
inside DataToDataTaskServer
start datanode to namenode
local ip is 192.168.0.47
node regist sucucess
inside DatanodeControlwithNamenode
recieve time
inside DataToDataTaskServer
start datanode to namenode
local ip is 192.168.0.65
node regist sucucess
inside DatanodeControlwithNamenode
recieve time
inside DataToDataTaskServer
start datanode to namenode
local ip is 192.168.0.52
node regist sucucess
inside DatanodeControlwithNamenode
recieve time
inside DataToDataTaskServer
start datanode to namenode
local ip is 192.168.0.54
node regist sucucess
inside DatanodeControlwithNamenode
recieve time
inside DataToDataTaskServer
start datanode to namenode
local ip is 192.168.0.34
node regist sucucess
inside DatanodeControlwithNamenode
recieve time
inside DataToDataTaskServer
start datanode to namenode
local ip is 192.168.0.58
node regist sucucess
inside DatanodeControlwithNamenode
recieve time
inside DataToDataTaskServer
start datanode to namenode
local ip is 192.168.0.67
node regist sucucess
inside DatanodeControlwithNamenode
recieve time
inside DataToDataTaskServer
start datanode to namenode
local ip is 192.168.0.68
node regist sucucess
inside DatanodeControlwithNamenode
recieve time
inside DataToDataTaskServer
start datanode to namenode
local ip is 192.168.0.47
node regist sucucess
inside DatanodeControlwithNamenode
recieve time
inside DataToDataTaskServer
start datanode to namenode
local ip is 192.168.0.50
node regist sucucess
inside DatanodeControlwithNamenode
recieve time
inside DataToDataTaskServer
start datanode to namenode
local ip is 192.168.0.54
node regist sucucess
inside DatanodeControlwithNamenode
recieve time
inside DataToDataTaskServer
start datanode to namenode
local ip is 192.168.0.55
node regist sucucess
inside DatanodeControlwithNamenode
recieve time
inside DataToDataTaskServer
start datanode to namenode
local ip is 192.168.0.46
node regist sucucess
inside DatanodeControlwithNamenode
recieve time
inside DataToDataTaskServer
start datanode to namenode
local ip is 192.168.0.52
node regist sucucess
inside DatanodeControlwithNamenode
recieve time
inside DataToDataTaskServer
start datanode to namenode
local ip is 192.168.0.35
node regist sucucess
inside DatanodeControlwithNamenode
recieve time
inside DataToDataTaskServer
start datanode to namenode
local ip is 192.168.0.44
start datanode to namenode
local ip is 192.168.0.59
node regist sucucess
inside DatanodeControlwithNamenode
recieve time
inside DataToDataTaskServer
start datanode to namenode
local ip is 192.168.0.53
node regist sucucess
inside DatanodeControlwithNamenode
recieve time
inside DataToDataTaskServer
start datanode to namenode
local ip is 192.168.0.64
node regist sucucess
inside DatanodeControlwithNamenode
recieve time
inside DataToDataTaskServer
start datanode to namenode
local ip is 192.168.0.45
node regist sucucess
inside DatanodeControlwithNamenode
recieve time
inside DataToDataTaskServer
start datanode to namenode
local ip is 192.168.0.65
node regist sucucess
inside DatanodeControlwithNamenode
recieve time
inside DataToDataTaskServer
start datanode to namenode
local ip is 192.168.0.63
node regist sucucess
inside DatanodeControlwithNamenode
recieve time
inside DataToDataTaskServer
start datanode to namenode
local ip is 192.168.0.47
node regist sucucess
inside DatanodeControlwithNamenode
recieve time
inside DataToDataTaskServer
start datanode to namenode
local ip is 192.168.0.68
node regist sucucess
inside DatanodeControlwithNamenode
recieve time
inside DataToDataTaskServer
start datanode to namenode
local ip is 192.168.0.54
node regist sucucess
inside DatanodeControlwithNamenode
recieve time
inside DataToDataTaskServer
start datanode to namenode
local ip is 192.168.0.59
node regist sucucess
inside DatanodeControlwithNamenode
recieve time
inside DataToDataTaskServer
start datanode to namenode
local ip is 192.168.0.55
node regist sucucess
inside DatanodeControlwithNamenode
recieve time
inside DataToDataTaskServer
start datanode to namenode
local ip is 192.168.0.53
node regist sucucess
inside DatanodeControlwithNamenode
recieve time
inside DataToDataTaskServer
start datanode to namenode
local ip is 192.168.0.64
node regist sucucess
inside DatanodeControlwithNamenode
recieve time
inside DataToDataTaskServer
start datanode to namenode
local ip is 192.168.0.45
node regist sucucess
inside DatanodeControlwithNamenode
recieve time
inside DataToDataTaskServer
start datanode to namenode
local ip is 192.168.0.44
start datanode to namenode
local ip is 192.168.0.63
node regist sucucess
inside DatanodeControlwithNamenode
recieve time
inside DataToDataTaskServer
start datanode to namenode
local ip is 192.168.0.65
node regist sucucess
inside DatanodeControlwithNamenode
recieve time
inside DataToDataTaskServer
start datanode to namenode
local ip is 192.168.0.50
node regist sucucess
inside DatanodeControlwithNamenode
recieve time
inside DataToDataTaskServer
start datanode to namenode
local ip is 192.168.0.35
node regist sucucess
inside DatanodeControlwithNamenode
recieve time
inside DataToDataTaskServer
start datanode to namenode
local ip is 192.168.0.46
node regist sucucess
inside DatanodeControlwithNamenode
recieve time
inside DataToDataTaskServer
start datanode to namenode
local ip is 192.168.0.52
node regist sucucess
inside DatanodeControlwithNamenode
recieve time
inside DataToDataTaskServer
start datanode to namenode
local ip is 192.168.0.58
node regist sucucess
inside DatanodeControlwithNamenode
recieve time
inside DataToDataTaskServer
start datanode to namenode
local ip is 192.168.0.67
node regist sucucess
inside DatanodeControlwithNamenode
recieve time
inside DataToDataTaskServer
start datanode to namenode
start datanode to namenode
start datanode to namenode
start datanode to namenode
start datanode to namenode
start datanode to namenode
start datanode to namenode
start datanode to namenode
start datanode to namenode
start datanode to namenode
start datanode to namenode
start datanode to namenode
start datanode to namenode
start datanode to namenode
start datanode to namenode
start datanode to namenode
start datanode to namenode
start datanode to namenode
local ip is 192.168.0.46
node regist sucucess
inside DatanodeControlwithNamenode
recieve time
inside DataToDataTaskServer
inside handle_connect
start datanode to namenode
local ip is 192.168.0.44
start datanode to namenode
local ip is 192.168.0.47
node regist sucucess
inside DatanodeControlwithNamenode
recieve time
inside DataToDataTaskServer
inside handle_connect
start datanode to namenode
local ip is 192.168.0.45
node regist sucucess
inside DatanodeControlwithNamenode
recieve time
inside DataToDataTaskServer
inside handle_connect
start datanode to namenode
local ip is 192.168.0.67
node regist sucucess
inside DatanodeControlwithNamenode
recieve time
inside DataToDataTaskServer
inside handle_connect
start datanode to namenode
local ip is 192.168.0.68
node regist sucucess
inside DatanodeControlwithNamenode
recieve time
inside DataToDataTaskServer
inside handle_connect
start datanode to namenode
local ip is 192.168.0.53
node regist sucucess
inside DatanodeControlwithNamenode
recieve time
inside DataToDataTaskServer
inside handle_connect
start datanode to namenode
local ip is 192.168.0.54
node regist sucucess
inside DatanodeControlwithNamenode
recieve time
inside DataToDataTaskServer
inside handle_connect
start datanode to namenode
local ip is 192.168.0.63
node regist sucucess
inside DatanodeControlwithNamenode
recieve time
inside DataToDataTaskServer
inside handle_connect
start datanode to namenode
local ip is 192.168.0.64
node regist sucucess
inside DatanodeControlwithNamenode
recieve time
inside DataToDataTaskServer
inside handle_connect
start datanode to namenode
local ip is 192.168.0.35
node regist sucucess
inside DatanodeControlwithNamenode
recieve time
inside DataToDataTaskServer
inside handle_connect
start datanode to namenode
local ip is 192.168.0.65
node regist sucucess
inside DatanodeControlwithNamenode
recieve time
inside DataToDataTaskServer
inside handle_connect
start datanode to namenode
local ip is 192.168.0.55
node regist sucucess
inside DatanodeControlwithNamenode
recieve time
inside DataToDataTaskServer
inside handle_connect
start datanode to namenode
local ip is 192.168.0.50
node regist sucucess
inside DatanodeControlwithNamenode
recieve time
inside DataToDataTaskServer
inside handle_connect
start datanode to namenode
local ip is 192.168.0.59
node regist sucucess
inside DatanodeControlwithNamenode
recieve time
inside DataToDataTaskServer
inside handle_connect
start datanode to namenode
local ip is 192.168.0.52
node regist sucucess
inside DatanodeControlwithNamenode
recieve time
inside DataToDataTaskServer
inside handle_connect
start datanode to namenode
local ip is 192.168.0.58
node regist sucucess
inside DatanodeControlwithNamenode
recieve time
inside DataToDataTaskServer
inside handle_connect
start datanode to namenode
local ip is 192.168.0.53
node regist sucucess
inside DatanodeControlwithNamenode
recieve time
inside DataToDataTaskServer
inside handle_connect
recieve time success
start datanode to namenode
local ip is 192.168.0.68
node regist sucucess
inside DatanodeControlwithNamenode
recieve time
inside DataToDataTaskServer
inside handle_connect
recieve time success
start datanode to namenode
local ip is 192.168.0.67
node regist sucucess
inside DatanodeControlwithNamenode
recieve time
inside DataToDataTaskServer
inside handle_connect
recieve time success
start datanode to namenode
local ip is 192.168.0.58
node regist sucucess
inside DatanodeControlwithNamenode
recieve time
inside DataToDataTaskServer
inside handle_connect
recieve time success
start datanode to namenode
local ip is 192.168.0.50
node regist sucucess
inside DataToDataTaskServer
inside handle_connect
inside DatanodeControlwithNamenode
recieve time
recieve time success
start datanode to namenode
local ip is 192.168.0.47
node regist sucucess
inside DatanodeControlwithNamenode
recieve time
inside DataToDataTaskServer
inside handle_connect
recieve time success
start datanode to namenode
local ip is 192.168.0.52
node regist sucucess
inside DatanodeControlwithNamenode
recieve time
inside DataToDataTaskServer
inside handle_connect
recieve time success
start datanode to namenode
local ip is 192.168.0.46
node regist sucucess
inside DatanodeControlwithNamenode
recieve time
inside DataToDataTaskServer
inside handle_connect
recieve time success
start datanode to namenode
local ip is 192.168.0.54
node regist sucucess
inside DatanodeControlwithNamenode
recieve time
inside DataToDataTaskServer
inside handle_connect
recieve time success
start datanode to namenode
local ip is 192.168.0.65
node regist sucucess
inside DatanodeControlwithNamenode
recieve time
inside DataToDataTaskServer
inside handle_connect
recieve time success
start datanode to namenode
local ip is 192.168.0.63
node regist sucucess
inside DatanodeControlwithNamenode
recieve time
inside DataToDataTaskServer
inside handle_connect
recieve time success
start datanode to namenode
local ip is 192.168.0.55
node regist sucucess
inside DatanodeControlwithNamenode
recieve time
inside DataToDataTaskServer
inside handle_connect
recieve time success
start datanode to namenode
local ip is 192.168.0.35
node regist sucucess
inside DatanodeControlwithNamenode
recieve time
inside DataToDataTaskServer
inside handle_connect
recieve time success
start datanode to namenode
local ip is 192.168.0.59
node regist sucucess
inside DatanodeControlwithNamenode
recieve time
inside DataToDataTaskServer
inside handle_connect
recieve time success
start datanode to namenode
local ip is 192.168.0.64
node regist sucucess
inside DatanodeControlwithNamenode
recieve time
inside DataToDataTaskServer
inside handle_connect
recieve time success
start datanode to namenode
local ip is 192.168.0.45
node regist sucucess
inside DatanodeControlwithNamenode
recieve time
inside DataToDataTaskServer
inside handle_connect
recieve time success
start datanode to namenode
local ip is 192.168.0.44
start datanode to namenode
local ip is 192.168.0.52
node regist sucucess
inside DatanodeControlwithNamenode
recieve time
inside DataToDataTaskServer
inside handle_connect
recieve time success
start datanode to namenode
local ip is 192.168.0.58
node regist sucucess
inside DatanodeControlwithNamenode
recieve time
inside DataToDataTaskServer
inside handle_connect
recieve time success
start datanode to namenode
local ip is 192.168.0.55
node regist sucucess
inside DatanodeControlwithNamenode
recieve time
inside DataToDataTaskServer
inside handle_connect
recieve time success
start datanode to namenode
local ip is 192.168.0.59
node regist sucucess
inside DatanodeControlwithNamenode
recieve time
inside DataToDataTaskServer
inside handle_connect
recieve time success
start datanode to namenode
local ip is 192.168.0.64
node regist sucucess
inside DatanodeControlwithNamenode
recieve time
inside DataToDataTaskServer
inside handle_connect
recieve time success
start datanode to namenode
local ip is 192.168.0.54
node regist sucucess
inside DatanodeControlwithNamenode
recieve time
inside DataToDataTaskServer
inside handle_connect
recieve time success
start datanode to namenode
local ip is 192.168.0.46
node regist sucucess
inside DatanodeControlwithNamenode
recieve time
inside DataToDataTaskServer
inside handle_connect
recieve time success
start datanode to namenode
local ip is 192.168.0.63
node regist sucucess
inside DatanodeControlwithNamenode
recieve time
inside DataToDataTaskServer
inside handle_connect
recieve time success
start datanode to namenode
local ip is 192.168.0.68
node regist sucucess
inside DatanodeControlwithNamenode
recieve time
inside DataToDataTaskServer
inside handle_connect
recieve time success
start datanode to namenode
local ip is 192.168.0.67
node regist sucucess
inside DatanodeControlwithNamenode
recieve time
inside DataToDataTaskServer
inside handle_connect
recieve time success
start datanode to namenode
local ip is 192.168.0.47
node regist sucucess
inside DatanodeControlwithNamenode
recieve time
inside DataToDataTaskServer
inside handle_connect
recieve time success
start datanode to namenode
local ip is 192.168.0.50
node regist sucucess
inside DatanodeControlwithNamenode
recieve time
inside DataToDataTaskServer
inside handle_connect
recieve time success
start datanode to namenode
local ip is 192.168.0.35
node regist sucucess
inside DatanodeControlwithNamenode
recieve time
inside DataToDataTaskServer
inside handle_connect
recieve time success
start datanode to namenode
local ip is 192.168.0.65
node regist sucucess
inside DatanodeControlwithNamenode
recieve time
inside DataToDataTaskServer
inside handle_connect
recieve time success
start datanode to namenode
local ip is 192.168.0.44
start datanode to namenode
local ip is 192.168.0.53
node regist sucucess
inside DatanodeControlwithNamenode
recieve time
inside DataToDataTaskServer
inside handle_connect
recieve time success
start datanode to namenode
local ip is 192.168.0.45
node regist sucucess
inside DatanodeControlwithNamenode
recieve time
inside DataToDataTaskServer
inside handle_connect
recieve time success
start datanode to namenode
local ip is 192.168.0.44
start datanode to namenode
local ip is 192.168.0.58
node regist sucucess
inside DatanodeControlwithNamenode
recieve time
inside DataToDataTaskServer
inside handle_connect
recieve time success
start datanode to namenode
local ip is 192.168.0.64
node regist sucucess
inside DatanodeControlwithNamenode
recieve time
inside DataToDataTaskServer
inside handle_connect
recieve time success
start datanode to namenode
local ip is 192.168.0.35
node regist sucucess
inside DatanodeControlwithNamenode
recieve time
inside DataToDataTaskServer
inside handle_connect
recieve time success
start datanode to namenode
local ip is 192.168.0.52
node regist sucucess
inside DatanodeControlwithNamenode
recieve time
inside DataToDataTaskServer
inside handle_connect
recieve time success
start datanode to namenode
local ip is 192.168.0.54
node regist sucucess
inside DatanodeControlwithNamenode
recieve time
inside DataToDataTaskServer
inside handle_connect
recieve time success
start datanode to namenode
local ip is 192.168.0.63
node regist sucucess
inside DatanodeControlwithNamenode
recieve time
inside DataToDataTaskServer
inside handle_connect
recieve time success
start datanode to namenode
local ip is 192.168.0.67
node regist sucucess
inside DatanodeControlwithNamenode
recieve time
inside DataToDataTaskServer
inside handle_connect
recieve time success
start datanode to namenode
local ip is 192.168.0.65
node regist sucucess
inside DatanodeControlwithNamenode
recieve time
inside DataToDataTaskServer
inside handle_connect
recieve time success
start datanode to namenode
local ip is 192.168.0.47
node regist sucucess
inside DatanodeControlwithNamenode
recieve time
inside DataToDataTaskServer
inside handle_connect
recieve time success
start datanode to namenode
local ip is 192.168.0.55
node regist sucucess
inside DatanodeControlwithNamenode
recieve time
inside DataToDataTaskServer
inside handle_connect
recieve time success
start datanode to namenode
local ip is 192.168.0.50
node regist sucucess
inside DatanodeControlwithNamenode
recieve time
inside DataToDataTaskServer
inside handle_connect
recieve time success
start datanode to namenode
local ip is 192.168.0.53
node regist sucucess
inside DatanodeControlwithNamenode
recieve time
inside DataToDataTaskServer
inside handle_connect
recieve time success
start datanode to namenode
local ip is 192.168.0.45
node regist sucucess
inside DatanodeControlwithNamenode
recieve time
inside DataToDataTaskServer
inside handle_connect
recieve time success
start datanode to namenode
local ip is 192.168.0.68
node regist sucucess
inside DatanodeControlwithNamenode
recieve time
inside DataToDataTaskServer
inside handle_connect
recieve time success
start datanode to namenode
local ip is 192.168.0.46
node regist sucucess
inside DatanodeControlwithNamenode
recieve time
inside DataToDataTaskServer
inside handle_connect
recieve time success
start datanode to namenode
local ip is 192.168.0.59
node regist sucucess
inside DatanodeControlwithNamenode
recieve time
inside DataToDataTaskServer
inside handle_connect
recieve time success
start datanode to namenode
local ip is 192.168.0.44
start datanode to namenode
local ip is 192.168.0.65
node regist sucucess
inside DatanodeControlwithNamenode
receive time
inside DataToDataTaskServer
inside handle_connect
receive time success
start datanode to namenode
local ip is 192.168.0.50
node regist sucucess
inside DatanodeControlwithNamenode
receive time
inside DataToDataTaskServer
inside handle_connect
receive time success
start datanode to namenode
local ip is 192.168.0.46
node regist sucucess
inside DatanodeControlwithNamenode
receive time
inside DataToDataTaskServer
inside handle_connect
receive time success
start datanode to namenode
local ip is 192.168.0.64
node regist sucucess
inside DatanodeControlwithNamenode
receive time
inside DataToDataTaskServer
inside handle_connect
receive time success
start datanode to namenode
local ip is 192.168.0.45
node regist sucucess
inside DatanodeControlwithNamenode
receive time
inside DataToDataTaskServer
inside handle_connect
receive time success
start datanode to namenode
local ip is 192.168.0.35
node regist sucucess
inside DatanodeControlwithNamenode
receive time
inside DataToDataTaskServer
inside handle_connect
receive time success
start datanode to namenode
local ip is 192.168.0.55
node regist sucucess
inside DatanodeControlwithNamenode
receive time
inside DataToDataTaskServer
inside handle_connect
receive time success
start datanode to namenode
local ip is 192.168.0.53
node regist sucucess
inside DatanodeControlwithNamenode
receive time
inside DataToDataTaskServer
inside handle_connect
receive time success
start datanode to namenode
local ip is 192.168.0.63
node regist sucucess
inside DatanodeControlwithNamenode
receive time
inside DataToDataTaskServer
inside handle_connect
receive time success
start datanode to namenode
local ip is 192.168.0.59
node regist sucucess
inside DatanodeControlwithNamenode
receive time
inside DataToDataTaskServer
inside handle_connect
receive time success
start datanode to namenode
local ip is 192.168.0.54
node regist sucucess
inside DatanodeControlwithNamenode
receive time
inside DataToDataTaskServer
inside handle_connect
receive time success
start datanode to namenode
local ip is 192.168.0.52
node regist sucucess
inside DatanodeControlwithNamenode
receive time
inside DataToDataTaskServer
inside handle_connect
receive time success
start datanode to namenode
local ip is 192.168.0.58
node regist sucucess
inside DatanodeControlwithNamenode
receive time
inside DataToDataTaskServer
inside handle_connect
receive time success
datanode recvtask error
start datanode to namenode
local ip is 192.168.0.68
node regist sucucess
inside DatanodeControlwithNamenode
receive time
inside DataToDataTaskServer
start datanode to namenode
local ip is 192.168.0.47
node regist sucucess
inside DatanodeControlwithNamenode
receive time
inside DataToDataTaskServer
start datanode to namenode
local ip is 192.168.0.67
node regist sucucess
inside DatanodeControlwithNamenode
receive time
inside DataToDataTaskServer
start datanode to namenode
local ip is 192.168.0.59
node regist sucucess
inside DatanodeControlwithNamenode
receive time
inside DataToDataTaskServer
inside handle_connect
receive time success
start datanode to namenode
local ip is 192.168.0.52
node regist sucucess
inside DatanodeControlwithNamenode
receive time
inside DataToDataTaskServer
inside handle_connect
receive time success
start datanode to namenode
local ip is 192.168.0.64
node regist sucucess
inside DatanodeControlwithNamenode
receive time
inside DataToDataTaskServer
inside handle_connect
receive time success
start datanode to namenode
local ip is 192.168.0.54
node regist sucucess
inside DatanodeControlwithNamenode
receive time
inside DataToDataTaskServer
inside handle_connect
receive time success
start datanode to namenode
local ip is 192.168.0.46
node regist sucucess
inside DataToDataTaskServer
inside handle_connect
inside DatanodeControlwithNamenode
receive time
receive time success
start datanode to namenode
local ip is 192.168.0.55
node regist sucucess
inside DatanodeControlwithNamenode
receive time
inside DataToDataTaskServer
inside handle_connect
receive time success
start datanode to namenode
local ip is 192.168.0.50
node regist sucucess
inside DatanodeControlwithNamenode
receive time
inside DataToDataTaskServer
inside handle_connect
receive time success
start datanode to namenode
local ip is 192.168.0.65
node regist sucucess
inside DatanodeControlwithNamenode
receive time
inside DataToDataTaskServer
inside handle_connect
receive time success
start datanode to namenode
local ip is 192.168.0.45
node regist sucucess
inside DatanodeControlwithNamenode
receive time
inside DataToDataTaskServer
inside handle_connect
receive time success
start datanode to namenode
local ip is 192.168.0.44
start datanode to namenode
local ip is 192.168.0.35
node regist sucucess
inside DatanodeControlwithNamenode
receive time
inside DataToDataTaskServer
inside handle_connect
receive time success
start datanode to namenode
local ip is 192.168.0.53
node regist sucucess
inside DatanodeControlwithNamenode
receive time
inside DataToDataTaskServer
inside handle_connect
receive time success
start datanode to namenode
local ip is 192.168.0.63
node regist sucucess
inside DatanodeControlwithNamenode
receive time
inside DataToDataTaskServer
inside handle_connect
receive time success
start datanode to namenode
local ip is 192.168.0.58
node regist sucucess
inside DatanodeControlwithNamenode
receive time
inside DataToDataTaskServer
inside handle_connect
receive time success
start datanode to namenode
local ip is 192.168.0.44
start datanode to namenode
local ip is 192.168.0.45
node regist sucucess
inside DatanodeControlwithNamenode
receive time
inside DataToDataTaskServer
inside handle_connect
receive time success
start datanode to namenode
local ip is 192.168.0.54
node regist sucucess
inside DatanodeControlwithNamenode
receive time
inside DataToDataTaskServer
inside handle_connect
receive time success
start datanode to namenode
local ip is 192.168.0.63
node regist sucucess
inside DatanodeControlwithNamenode
receive time
inside DataToDataTaskServer
inside handle_connect
receive time success
start datanode to namenode
local ip is 192.168.0.46
node regist sucucess
inside DatanodeControlwithNamenode
receive time
inside DataToDataTaskServer
inside handle_connect
receive time success
start datanode to namenode
local ip is 192.168.0.53
node regist sucucess
inside DataToDataTaskServer
inside handle_connect
inside DatanodeControlwithNamenode
receive time
receive time success
start datanode to namenode
local ip is 192.168.0.64
node regist sucucess
inside DatanodeControlwithNamenode
receive time
inside DataToDataTaskServer
inside handle_connect
receive time success
start datanode to namenode
local ip is 192.168.0.59
node regist sucucess
inside DatanodeControlwithNamenode
receive time
inside DataToDataTaskServer
inside handle_connect
receive time success
start datanode to namenode
local ip is 192.168.0.35
node regist sucucess
inside DatanodeControlwithNamenode
receive time
inside DataToDataTaskServer
inside handle_connect
receive time success
start datanode to namenode
local ip is 192.168.0.65
node regist sucucess
inside DatanodeControlwithNamenode
receive time
inside DataToDataTaskServer
inside handle_connect
receive time success
start datanode to namenode
local ip is 192.168.0.50
node regist sucucess
inside DatanodeControlwithNamenode
receive time
inside DataToDataTaskServer
inside handle_connect
receive time success
start datanode to namenode
local ip is 192.168.0.55
node regist sucucess
inside DatanodeControlwithNamenode
receive time
inside DataToDataTaskServer
inside handle_connect
receive time success
start datanode to namenode
local ip is 192.168.0.52
node regist sucucess
inside DatanodeControlwithNamenode
receive time
inside DataToDataTaskServer
inside handle_connect
receive time success
start datanode to namenode
local ip is 192.168.0.47
node regist sucucess
inside DatanodeControlwithNamenode
receive time
inside DataToDataTaskServer
inside handle_connect
receive time success
start datanode to namenode
local ip is 192.168.0.58
node regist sucucess
inside DatanodeControlwithNamenode
receive time
inside DataToDataTaskServer
inside handle_connect
receive time success
datanode recvtask error
start datanode to namenode
local ip is 192.168.0.68
node regist sucucess
inside DatanodeControlwithNamenode
receive time
inside DataToDataTaskServer
start datanode to namenode
local ip is 192.168.0.67
node regist sucucess
inside DatanodeControlwithNamenode
receive time
inside DataToDataTaskServer
start datanode to namenode
local ip is 192.168.0.65
node regist sucucess
inside DatanodeControlwithNamenode
receive time
inside DataToDataTaskServer
inside handle_connect
receive time success
start datanode to namenode
local ip is 192.168.0.44
start datanode to namenode
local ip is 192.168.0.53
node regist sucucess
inside DatanodeControlwithNamenode
receive time
inside DataToDataTaskServer
inside handle_connect
receive time success
start datanode to namenode
local ip is 192.168.0.58
node regist sucucess
inside DatanodeControlwithNamenode
receive time
inside DataToDataTaskServer
inside handle_connect
receive time success
datanode recvtask error
start datanode to namenode
local ip is 192.168.0.55
node regist sucucess
inside DatanodeControlwithNamenode
receive time
inside DataToDataTaskServer
inside handle_connect
receive time success
start datanode to namenode
local ip is 192.168.0.35
node regist sucucess
inside DatanodeControlwithNamenode
receive time
inside DataToDataTaskServer
inside handle_connect
receive time success
start datanode to namenode
local ip is 192.168.0.44
start datanode to namenode
local ip is 192.168.0.53
node regist sucucess
inside DatanodeControlwithNamenode
receive time
inside DataToDataTaskServer
inside handle_connect
receive time success
start datanode to namenode
local ip is 192.168.0.58
node regist sucucess
inside DatanodeControlwithNamenode
receive time
inside DataToDataTaskServer
inside handle_connect
receive time success
datanode recvtask error
start datanode to namenode
local ip is 192.168.0.55
node regist sucucess
inside DatanodeControlwithNamenode
receive time
inside DataToDataTaskServer
inside handle_connect
receive time success
start datanode to namenode
local ip is 192.168.0.35
node regist sucucess
inside DataToDataTaskServer
inside handle_connect
inside DatanodeControlwithNamenode
receive time
receive time success
start datanode to namenode
local ip is 192.168.0.44
start datanode to namenode
local ip is 192.168.0.50
node regist sucucess
inside DatanodeControlwithNamenode
receive time
inside DataToDataTaskServer
inside handle_connect
receive time success
start datanode to namenode
local ip is 192.168.0.59
node regist sucucess
inside DatanodeControlwithNamenode
receive time
inside DataToDataTaskServer
inside handle_connect
receive time success
start datanode to namenode
local ip is 192.168.0.53
node regist sucucess
inside DatanodeControlwithNamenode
receive time
inside DataToDataTaskServer
inside handle_connect
receive time success
start datanode to namenode
local ip is 192.168.0.58
node regist sucucess
inside DatanodeControlwithNamenode
receive time
inside DataToDataTaskServer
inside handle_connect
receive time success
datanode recvtask error
start datanode to namenode
local ip is 192.168.0.55
node regist sucucess
inside DatanodeControlwithNamenode
receive time
inside DataToDataTaskServer
inside handle_connect
receive time success
start datanode to namenode
local ip is 192.168.0.35
node regist sucucess
inside DatanodeControlwithNamenode
receive time
inside DataToDataTaskServer
inside handle_connect
receive time success
start datanode to namenode
local ip is 192.168.0.52
node regist sucucess
inside DataToDataTaskServer
start datanode to namenode
local ip is 192.168.0.46
node regist sucucess
inside DatanodeControlwithNamenode
receive time
inside DataToDataTaskServer
start datanode to namenode
local ip is 192.168.0.54
node regist sucucess
inside DatanodeControlwithNamenode
receive time
inside DataToDataTaskServer
start datanode to namenode
local ip is 192.168.0.45
node regist sucucess
inside DatanodeControlwithNamenode
receive time
inside DataToDataTaskServer
start datanode to namenode
local ip is 192.168.0.65
node regist sucucess
inside DatanodeControlwithNamenode
receive time
inside DataToDataTaskServer
start datanode to namenode
local ip is 192.168.0.64
node regist sucucess
inside DatanodeControlwithNamenode
receive time
inside DataToDataTaskServer
start datanode to namenode
local ip is 192.168.0.47
node regist sucucess
inside DatanodeControlwithNamenode
receive time
inside DataToDataTaskServer
start datanode to namenode
local ip is 192.168.0.63
node regist sucucess
inside DatanodeControlwithNamenode
receive time
inside DataToDataTaskServer
start datanode to namenode
local ip is 192.168.0.68
node regist sucucess
inside DatanodeControlwithNamenode
receive time
inside DataToDataTaskServer
start datanode to namenode
local ip is 192.168.0.67
node regist sucucess
inside DatanodeControlwithNamenode
receive time
inside DataToDataTaskServer
start datanode to namenode
local ip is 192.168.0.35
node regist sucucess
inside DatanodeControlwithNamenode
receive time
inside DataToDataTaskServer
inside handle_connect
receive time success
start datanode to namenode
local ip is 192.168.0.53
node regist sucucess
inside DatanodeControlwithNamenode
receive time
inside DataToDataTaskServer
inside handle_connect
receive time success
start datanode to namenode
local ip is 192.168.0.58
node regist sucucess
inside DatanodeControlwithNamenode
receive time
inside DataToDataTaskServer
inside handle_connect
receive time success
start datanode to namenode
local ip is 192.168.0.50
node regist sucucess
inside DatanodeControlwithNamenode
receive time
inside DataToDataTaskServer
inside handle_connect
receive time success
start datanode to namenode
local ip is 192.168.0.55
node regist sucucess
inside DatanodeControlwithNamenode
receive time
inside DataToDataTaskServer
inside handle_connect
receive time success
start datanode to namenode
local ip is 192.168.0.44
node regist sucucess
inside DatanodeControlwithNamenode
receive time
inside DataToDataTaskServer
inside handle_connect
receive time success
start datanode to namenode
local ip is 192.168.0.59
node regist sucucess
inside DatanodeControlwithNamenode
receive time
inside DataToDataTaskServer
inside handle_connect
receive time success
start datanode to namenode
local ip is 192.168.0.53
node regist sucucess
inside DatanodeControlwithNamenode
receive time
inside DataToDataTaskServer
inside handle_connect
receive time success
start datanode to namenode
local ip is 192.168.0.58
node regist sucucess
inside DatanodeControlwithNamenode
receive time
inside DataToDataTaskServer
inside handle_connect
receive time success
datanode recvtask error
start datanode to namenode
local ip is 192.168.0.55
node regist sucucess
inside DatanodeControlwithNamenode
receive time
inside DataToDataTaskServer
inside handle_connect
receive time success
start datanode to namenode
local ip is 192.168.0.35
node regist sucucess
inside DatanodeControlwithNamenode
receive time
inside DataToDataTaskServer
inside handle_connect
receive time success
第一行为每个节点中数据的块数
N1   N2   N3   N4   N5   N6   N7   N8   N9   N10  N11  N12  N13  N14  N15  N16  N17  N18  
0    1    0    0    2    2    0    0    0    1    2    2    1    1    0    1    3    2    

-1   6    -1   -1   2    1    -1   -1   -1   3    3    4    6    6    -1   2    1    1    
-1   -1   -1   -1   4    4    -1   -1   -1   -1   5    5    -1   -1   -1   -1   2    5    
-1   -1   -1   -1   -1   -1   -1   -1   -1   -1   -1   -1   -1   -1   -1   -1   3    -1   
创建了生产任务进程
等待节点注册
start ProvideTask
server: got connection from client 192.168.0.53 
节点号0,IP 192.168.0.53 注册
send welcome to datanode
server: got connection from client 192.168.0.44 
节点号1,IP 192.168.0.44 注册
server: got connection from client 192.168.0.45 
节点号2,IP 192.168.0.45 注册
send welcome to datanode
send welcome to datanode
server: got connection from client 192.168.0.63 
节点号3,IP 192.168.0.63 注册
server: got connection from client 192.168.0.46 
节点号4,IP 192.168.0.46 注册
server: got connection from client 192.168.0.52 
节点号5,IP 192.168.0.52 注册
send welcome to datanode
server: got connection from client 192.168.0.35 
节点号6,IP 192.168.0.35 注册
send welcome to datanode
server: got connection from client 192.168.0.54 
节点号7,IP 192.168.0.54 注册
server: got connection from client 192.168.0.64 
节点号8,IP 192.168.0.64 注册
server: got connection from client 192.168.0.65 
节点号9,IP 192.168.0.65 注册
send welcome to datanode
send welcome to datanode
send welcome to datanode
send welcome to datanode
send welcome to datanode
server: got connection from client 192.168.0.59 
节点号10,IP 192.168.0.59 注册
server: got connection from client 192.168.0.55 
节点号11,IP 192.168.0.55 注册
server: got connection from client 192.168.0.47 
节点号12,IP 192.168.0.47 注册
send welcome to datanode
server: got connection from client 192.168.0.50 
节点号13,IP 192.168.0.50 注册
send welcome to datanode
send welcome to datanode
send welcome to datanode
server: got connection from client 192.168.0.58 
节点号14,IP 192.168.0.58 注册
server: got connection from client 192.168.0.68 
节点号15,IP 192.168.0.68 注册
server: got connection from client 192.168.0.67 
节点号16,IP 192.168.0.67 注册
send welcome to datanode
send welcome to datanode
send welcome to datanode
server: got connection from client 192.168.0.34 
节点号17,IP 192.168.0.34 注册
send welcome to datanode
all the node have regist, namenode set the starttime
send starttime to 192.168.0.35 ,1427702579s 
inside SendTaskToDatanode 6
send starttime to 192.168.0.46 ,1427702579s 
inside SendTaskToDatanode 4
outside SendTaskToDatanode
send starttime to 192.168.0.63 ,1427702579s 
outside SendTaskToDatanode
inside SendTaskToDatanode 3
outside SendTaskToDatanode
send starttime to 192.168.0.52 ,1427702579s 
inside SendTaskToDatanode 5
outside SendTaskToDatanode
send starttime to 192.168.0.68 ,1427702579s 
send starttime to 192.168.0.64 ,1427702579s 
inside SendTaskToDatanode 15
inside SendTaskToDatanode 8
outside SendTaskToDatanode
outside SendTaskToDatanode
send starttime to 192.168.0.45 ,1427702579s 
inside SendTaskToDatanode 2
outside SendTaskToDatanode
send starttime to 192.168.0.58 ,1427702579s 
inside SendTaskToDatanode 14
outside SendTaskToDatanode
send starttime to 192.168.0.67 ,1427702579s 
inside SendTaskToDatanode 16
outside SendTaskToDatanode
send starttime to 192.168.0.53 ,1427702579s 
inside SendTaskToDatanode 0
outside SendTaskToDatanode
send starttime to 192.168.0.44 ,1427702579s 
inside SendTaskToDatanode 1
outside SendTaskToDatanode
send starttime to 192.168.0.50 ,1427702579s 
inside SendTaskToDatanode 13
outside SendTaskToDatanode
send starttime to 192.168.0.55 ,1427702579s 
inside SendTaskToDatanode 11
outside SendTaskToDatanode
send starttime to 192.168.0.65 ,1427702579s 
inside SendTaskToDatanode 9
outside SendTaskToDatanode
send starttime to 192.168.0.47 ,1427702579s 
inside SendTaskToDatanode 12
send starttime to 192.168.0.59 ,1427702579s 
ins